Case #1:
1000000000000001 3 2 5 2 7 2 3 2 7
1000000000000111 3 2 5 2 7 2 3 2 11
1000000000001001 5 11 3 19 17 3 313 19 3
1000000000001101 3 2 5 2 7 2 3 2 11
1000000000010001 37 5 3 43 107 3 5 11 3
1000000000010011 3 2 5 2 7 2 3 2 7
1000000000011001 3 2 5 2 7 2 3 2 11
1000000000011111 3 2 3 2 7 2 3 2 3
1000000000100101 3 2 5 2 7 2 3 2 7
1000000000101011 3 7 11 3 5 23 3 73 7
1000000000101111 5 2 3 2 17 2 5 2 3
1000000000110001 3 2 5 2 7 2 3 2 11
1000000000110011 5 199 10781 47 5 5 18521 29 2399
1000000000110111 3 2 3 2 7 2 3 2 3
1000000000111011 17 2 3 2 29 2 11 2 3
1000000000111101 3 2 3 2 7 2 3 2 3
1000000001000011 3 2 5 2 7 2 3 2 11
1000000001000101 67 2 7 2 2083 2 557 2 107
1000000001001001 3 2 5 2 7 2 3 2 7
1000000001001111 3 2 3 2 7 2 3 2 3
1000000001010001 7 2 59 2 73 2 137 2 1163
1000000001010101 3 7 13 3 5 43 3 73 7
1000000001010111 5 2 3 2 37 2 5 2 3
1000000001011011 3 2 3 2 7 2 3 2 3
1000000001011101 17 2 3 2 1297 2 17 2 3
1000000001011111 7 4441 2129 152389 131 224911 7 7 241
1000000001100001 3 2 5 2 7 2 3 2 11
1000000001100111 3 2 3 2 7 2 3 2 3
1000000001101011 5 2 3 2 37 2 5 2 3
1000000001101101 3 2 3 2 7 2 3 2 3
1000000001101111 71 19 7 17 11 41 7 16879 373
1000000001110011 3 2 3 2 7 2 3 2 3
1000000001110101 5 2 3 2 37 2 5 2 3
1000000001111001 3 2 3 2 7 2 3 2 3
1000000001111101 127 1093 7 19531 55987 17 7 107 23
1000000001111111 3 2 5 2 7 2 3 2 7
1000000010000001 5 19 3 281 71 3 17 691399 3
1000000010000101 3 2 5 2 7 2 3 2 11
1000000010001001 7 2 29153 2 13 2 5 2 7187
1000000010001011 3 1061 7 3 5 5 3 5086087 401
1000000010001111 103 2 3 2 383 2 827 2 3
1000000010010001 3 2 5 2 7 2 3 2 7
1000000010010011 7 5 467 101 5 151 5 7 47
1000000010010111 3 2 3 2 7 2 3 2 3
1000000010011001 13 17 7 73 5 229 11 883 239417
1000000010011011 73 2 3 2 11 2 2969 2 3
1000000010011101 3 2 3 2 7 2 3 2 3
1000000010100001 79 2 89 2 349 2 107 2 359
1000000010100111 5 2 3 2 37 2 5 2 3
1000000010101001 3 7 13 3 5 5 3 73 7
